<?xml version="1.0" encoding="UTF-8"?>
<!-- Generated by org.testng.reporters.JUnitReportReporter -->
<testsuite skipped="0" hostname="DESKTOP-D96Q9MV" name="com.app.testcases.LoginPageTest" tests="3" failures="0" timestamp="2021-01-07T22:21:57 GMT" time="44.818" errors="0">
  <testcase name="loginPagetitleTest" time="12.073" classname="com.app.testcases.LoginPageTest"/>
  <system-out/>
  <testcase name="logovalidation" time="14.080" classname="com.app.testcases.LoginPageTest"/>
  <system-out/>
  <testcase name="login" time="18.665" classname="com.app.testcases.LoginPageTest"/>
  <system-out/>
</testsuite> <!-- com.app.testcases.LoginPageTest -->
