<?xml version="1.0" encoding="UTF-8"?>
<!-- Generated by org.testng.reporters.JUnitReportReporter -->
<testsuite skipped="0" hostname="DESKTOP-D96Q9MV" name="com.app.testcases.LoginPageTest" tests="3" failures="0" timestamp="07 Jan 2021 12:29:56 GMT" time="42.367" errors="0">
  <testcase name="loginPagetitleTest" time="13.443" classname="com.app.testcases.LoginPageTest"/>
  <testcase name="logovalidation" time="11.375" classname="com.app.testcases.LoginPageTest"/>
  <testcase name="login" time="17.549" classname="com.app.testcases.LoginPageTest"/>
</testsuite> <!-- com.app.testcases.LoginPageTest -->
