<?xml version="1.0" encoding="UTF-8"?>
<!-- Generated by org.testng.reporters.JUnitReportReporter -->
<testsuite skipped="0" hostname="DESKTOP-D96Q9MV" name="com.app.testcases.LoginPageTest" tests="1" failures="0" timestamp="2021-01-04T19:17:03 GMT" time="19.539" errors="0">
  <testcase name="login" time="19.539" classname="com.app.testcases.LoginPageTest"/>
  <system-out/>
</testsuite> <!-- com.app.testcases.LoginPageTest -->
