<?xml version="1.0" encoding="UTF-8"?>
<!-- Generated by org.testng.reporters.JUnitReportReporter -->
<testsuite skipped="0" hostname="DESKTOP-D96Q9MV" name="com.app.testcases.LoginPageTest" tests="3" failures="0" timestamp="2021-01-05T00:05:14 GMT" time="47.876" errors="0">
  <testcase name="loginPagetitleTest" time="15.343" classname="com.app.testcases.LoginPageTest"/>
  <system-out/>
  <testcase name="logovalidation" time="12.249" classname="com.app.testcases.LoginPageTest"/>
  <system-out/>
  <testcase name="login" time="20.284" classname="com.app.testcases.LoginPageTest"/>
  <system-out/>
</testsuite> <!-- com.app.testcases.LoginPageTest -->
