<?xml version="1.0" encoding="UTF-8"?>
<!-- Generated by org.testng.reporters.JUnitReportReporter -->
<testsuite skipped="0" hostname="DESKTOP-D96Q9MV" name="com.app.testcases.ContactsPageTest" tests="2" failures="0" timestamp="2021-01-05T00:05:14 GMT" time="41.567" errors="0">
  <testcase name="verifyContactPage" time="20.085" classname="com.app.testcases.ContactsPageTest"/>
  <system-out/>
  <testcase name="clickonContactCheckbox" time="21.482" classname="com.app.testcases.ContactsPageTest"/>
  <system-out/>
</testsuite> <!-- com.app.testcases.ContactsPageTest -->
