<?xml version="1.0" encoding="UTF-8"?>
<!-- Generated by org.testng.reporters.JUnitReportReporter -->
<testsuite skipped="0" hostname="DESKTOP-D96Q9MV" name="com.app.testcases.HomePageTest" tests="4" failures="0" timestamp="2021-01-07T20:39:54 GMT" time="78.997" errors="0">
  <testcase name="verifyHomePageTitle" time="16.888" classname="com.app.testcases.HomePageTest"/>
  <system-out/>
  <testcase name="loggeduserValidation" time="17.879" classname="com.app.testcases.HomePageTest"/>
  <system-out/>
  <testcase name="clickonContactLink" time="23.572" classname="com.app.testcases.HomePageTest"/>
  <system-out/>
  <testcase name="clickonDealsLink" time="20.658" classname="com.app.testcases.HomePageTest"/>
  <system-out/>
</testsuite> <!-- com.app.testcases.HomePageTest -->
