<?xml version="1.0" encoding="UTF-8"?>
<!-- Generated by org.testng.reporters.JUnitReportReporter -->
<testsuite skipped="0" hostname="DESKTOP-D96Q9MV" name="com.app.testcases.HomePageTest" tests="4" failures="0" timestamp="07 Jan 2021 12:29:56 GMT" time="73.570" errors="0">
  <testcase name="verifyHomePageTitle" time="17.285" classname="com.app.testcases.HomePageTest"/>
  <testcase name="loggeduserValidation" time="17.322" classname="com.app.testcases.HomePageTest"/>
  <testcase name="clickonContactLink" time="20.151" classname="com.app.testcases.HomePageTest"/>
  <testcase name="clickonDealsLink" time="18.812" classname="com.app.testcases.HomePageTest"/>
</testsuite> <!-- com.app.testcases.HomePageTest -->
