<?xml version="1.0" encoding="UTF-8"?>
<!-- Generated by org.testng.reporters.JUnitReportReporter -->
<testsuite skipped="0" hostname="DESKTOP-D96Q9MV" name="com.app.testcases.HomePageTest" tests="4" failures="0" timestamp="2021-01-07T22:21:57 GMT" time="80.417" errors="0">
  <testcase name="verifyHomePageTitle" time="17.164" classname="com.app.testcases.HomePageTest"/>
  <system-out/>
  <testcase name="loggeduserValidation" time="20.997" classname="com.app.testcases.HomePageTest"/>
  <system-out/>
  <testcase name="clickonContactLink" time="20.585" classname="com.app.testcases.HomePageTest"/>
  <system-out/>
  <testcase name="clickonDealsLink" time="21.671" classname="com.app.testcases.HomePageTest"/>
  <system-out/>
</testsuite> <!-- com.app.testcases.HomePageTest -->
