<?xml version="1.0" encoding="UTF-8"?>
<!-- Generated by org.testng.reporters.JUnitReportReporter -->
<testsuite skipped="0" hostname="DESKTOP-D96Q9MV" name="com.app.testcases.HomePageTest" tests="4" failures="0" timestamp="2021-01-05T00:05:14 GMT" time="83.149" errors="0">
  <testcase name="verifyHomePageTitle" time="18.692" classname="com.app.testcases.HomePageTest"/>
  <system-out/>
  <testcase name="loggeduserValidation" time="22.712" classname="com.app.testcases.HomePageTest"/>
  <system-out/>
  <testcase name="clickonContactLink" time="20.614" classname="com.app.testcases.HomePageTest"/>
  <system-out/>
  <testcase name="clickonDealsLink" time="21.131" classname="com.app.testcases.HomePageTest"/>
  <system-out/>
</testsuite> <!-- com.app.testcases.HomePageTest -->
