<?xml version="1.0" encoding="UTF-8"?>
<!-- Generated by org.testng.reporters.JUnitReportReporter -->
<testsuite skipped="0" hostname="DESKTOP-D96Q9MV" name="com.app.testcases.ContactsPageTest" tests="7" failures="0" timestamp="2021-01-05T19:21:16 GMT" time="169.018" errors="0">
  <testcase name="verifyContactPage" time="19.519" classname="com.app.testcases.ContactsPageTest"/>
  <system-out/>
  <testcase name="clickonContactCheckbox" time="18.901" classname="com.app.testcases.ContactsPageTest"/>
  <system-out/>
  <testcase name="createNewContact" time="25.296" classname="com.app.testcases.ContactsPageTest"/>
  <system-out/>
  <testcase name="createNewContact" time="27.704" classname="com.app.testcases.ContactsPageTest"/>
  <system-out/>
  <testcase name="createNewContact" time="24.920" classname="com.app.testcases.ContactsPageTest"/>
  <system-out/>
  <testcase name="createNewContact" time="25.930" classname="com.app.testcases.ContactsPageTest"/>
  <system-out/>
  <testcase name="createNewContact" time="26.748" classname="com.app.testcases.ContactsPageTest"/>
  <system-out/>
</testsuite> <!-- com.app.testcases.ContactsPageTest -->
