<?xml version="1.0" encoding="UTF-8"?>
<!-- Generated by org.testng.reporters.JUnitReportReporter -->
<testsuite skipped="0" hostname="DESKTOP-D96Q9MV" name="com.app.testcases.LoginPageTest" tests="3" failures="0" timestamp="07 Jan 2021 20:50:50 GMT" time="44.932" errors="0">
  <testcase name="loginPagetitleTest" time="13.186" classname="com.app.testcases.LoginPageTest"/>
  <testcase name="logovalidation" time="13.079" classname="com.app.testcases.LoginPageTest"/>
  <testcase name="login" time="18.667" classname="com.app.testcases.LoginPageTest"/>
</testsuite> <!-- com.app.testcases.LoginPageTest -->
