<?xml version="1.0" encoding="UTF-8"?>
<!-- Generated by org.testng.reporters.JUnitReportReporter -->
<testsuite skipped="0" hostname="DESKTOP-D96Q9MV" name="com.app.testcases.LoginPageTest" tests="3" failures="0" timestamp="07 Jan 2021 18:59:47 GMT" time="40.405" errors="0">
  <testcase name="loginPagetitleTest" time="12.716" classname="com.app.testcases.LoginPageTest"/>
  <testcase name="logovalidation" time="11.282" classname="com.app.testcases.LoginPageTest"/>
  <testcase name="login" time="16.407" classname="com.app.testcases.LoginPageTest"/>
</testsuite> <!-- com.app.testcases.LoginPageTest -->
