<?xml version="1.0" encoding="UTF-8"?>
<!-- Generated by org.testng.reporters.JUnitReportReporter -->
<testsuite skipped="0" hostname="DESKTOP-D96Q9MV" name="com.app.testcases.HomePageTest" tests="4" failures="0" timestamp="07 Jan 2021 18:59:47 GMT" time="77.561" errors="0">
  <testcase name="verifyHomePageTitle" time="18.364" classname="com.app.testcases.HomePageTest"/>
  <testcase name="loggeduserValidation" time="17.033" classname="com.app.testcases.HomePageTest"/>
  <testcase name="clickonContactLink" time="20.685" classname="com.app.testcases.HomePageTest"/>
  <testcase name="clickonDealsLink" time="21.479" classname="com.app.testcases.HomePageTest"/>
</testsuite> <!-- com.app.testcases.HomePageTest -->
