<?xml version="1.0" encoding="UTF-8"?>
<!-- Generated by org.testng.reporters.JUnitReportReporter -->
<testsuite skipped="0" hostname="DESKTOP-D96Q9MV" name="com.app.testcases.LoginPageTest" tests="3" failures="0" timestamp="07 Jan 2021 22:14:39 GMT" time="58.113" errors="0">
  <testcase name="loginPagetitleTest" time="18.494" classname="com.app.testcases.LoginPageTest"/>
  <testcase name="logovalidation" time="18.409" classname="com.app.testcases.LoginPageTest"/>
  <testcase name="login" time="21.210" classname="com.app.testcases.LoginPageTest"/>
</testsuite> <!-- com.app.testcases.LoginPageTest -->
