<?xml version="1.0" encoding="UTF-8"?>
<!-- Generated by org.testng.reporters.JUnitReportReporter -->
<testsuite skipped="0" hostname="DESKTOP-D96Q9MV" name="com.app.testcases.HomePageTest" tests="4" failures="0" timestamp="07 Jan 2021 20:50:50 GMT" time="79.479" errors="0">
  <testcase name="verifyHomePageTitle" time="18.178" classname="com.app.testcases.HomePageTest"/>
  <testcase name="loggeduserValidation" time="18.867" classname="com.app.testcases.HomePageTest"/>
  <testcase name="clickonContactLink" time="21.163" classname="com.app.testcases.HomePageTest"/>
  <testcase name="clickonDealsLink" time="21.271" classname="com.app.testcases.HomePageTest"/>
</testsuite> <!-- com.app.testcases.HomePageTest -->
